[15:54:55] [main/INFO]: Environment: authHost='https://authserver.mojang.com', accountsHost='https://api.mojang.com', sessionHost='https://sessionserver.mojang.com', servicesHost='https://api.minecraftservices.com', name='PROD'
[15:54:56] [main/WARN]: Ambiguity between arguments [teleport, location] and [teleport, destination] with inputs: [0.1 -0.5 .9, 0 0 0]
[15:54:56] [main/WARN]: Ambiguity between arguments [teleport, location] and [teleport, targets] with inputs: [0.1 -0.5 .9, 0 0 0]
[15:54:56] [main/WARN]: Ambiguity between arguments [teleport, destination] and [teleport, targets] with inputs: [Player, 0123, @e, dd12be42-52a9-4a91-a8a1-11c01849e498]
[15:54:56] [main/WARN]: Ambiguity between arguments [teleport, targets] and [teleport, destination] with inputs: [Player, 0123, dd12be42-52a9-4a91-a8a1-11c01849e498]
[15:54:56] [main/WARN]: Ambiguity between arguments [teleport, targets, location] and [teleport, targets, destination] with inputs: [0.1 -0.5 .9, 0 0 0]
[15:54:56] [main/INFO]: Reloading ResourceManager: Default
[15:54:57] [Worker-Main-5/INFO]: Loaded 7 recipes
[15:54:58] [Worker-Main-5/INFO]: Loaded 1137 advancements
[15:55:04] [Server thread/INFO]: Starting minecraft server version 1.17.1
[15:55:04] [Server thread/INFO]: Loading properties
[15:55:04] [Server thread/INFO]: Default game type: SURVIVAL
[15:55:04] [Server thread/INFO]: Generating keypair
[15:55:04] [Server console handler/ERROR]: Exception handling console input
java.io.IOException: The handle is invalid
	at java.io.FileInputStream.readBytes(Native Method) ~[?:?]
	at java.io.FileInputStream.read(FileInputStream.java:271) ~[?:?]
	at java.io.BufferedInputStream.read1(BufferedInputStream.java:282) ~[?:?]
	at java.io.BufferedInputStream.read(BufferedInputStream.java:343) ~[?:?]
	at sun.nio.cs.StreamDecoder.readBytes(StreamDecoder.java:297) ~[?:?]
	at sun.nio.cs.StreamDecoder.implRead(StreamDecoder.java:339) ~[?:?]
	at sun.nio.cs.StreamDecoder.read(StreamDecoder.java:188) ~[?:?]
	at java.io.InputStreamReader.read(InputStreamReader.java:178) ~[?:?]
	at java.io.BufferedReader.fill(BufferedReader.java:161) ~[?:?]
	at java.io.BufferedReader.readLine(BufferedReader.java:329) ~[?:?]
	at java.io.BufferedReader.readLine(BufferedReader.java:396) ~[?:?]
	at aas$1.run(SourceFile:101) [server.jar:?]
[15:55:04] [Server thread/INFO]: Starting Minecraft server on *:25565
[15:55:04] [Server thread/INFO]: Using default channel type
[15:55:06] [Server thread/INFO]: Preparing level "world"
[15:55:06] [Server thread/INFO]: Preparing start region for dimension minecraft:overworld
[15:55:14] [Worker-Main-5/INFO]: Preparing spawn area: 0%
[15:55:14] [Worker-Main-6/INFO]: Preparing spawn area: 0%
[15:55:14] [Worker-Main-6/INFO]: Preparing spawn area: 0%
[15:55:14] [Worker-Main-6/INFO]: Preparing spawn area: 0%
[15:55:14] [Worker-Main-6/INFO]: Preparing spawn area: 0%
[15:55:14] [Worker-Main-6/INFO]: Preparing spawn area: 0%
[15:55:14] [Worker-Main-6/INFO]: Preparing spawn area: 0%
[15:55:14] [Worker-Main-4/INFO]: Preparing spawn area: 0%
[15:55:14] [Worker-Main-6/INFO]: Preparing spawn area: 0%
[15:55:14] [Worker-Main-4/INFO]: Preparing spawn area: 0%
[15:55:14] [Worker-Main-6/INFO]: Preparing spawn area: 0%
[15:55:14] [Worker-Main-4/INFO]: Preparing spawn area: 0%
[15:55:14] [Worker-Main-6/INFO]: Preparing spawn area: 0%
[15:55:14] [Worker-Main-6/INFO]: Preparing spawn area: 0%
[15:55:14] [Worker-Main-4/INFO]: Preparing spawn area: 0%
[15:55:14] [Worker-Main-6/INFO]: Preparing spawn area: 0%
[15:55:14] [Worker-Main-4/INFO]: Preparing spawn area: 0%
[15:55:14] [Worker-Main-5/INFO]: Preparing spawn area: 0%
[15:55:15] [Worker-Main-6/INFO]: Preparing spawn area: 0%
[15:55:16] [Worker-Main-6/INFO]: Preparing spawn area: 0%
[15:55:16] [Server thread/ERROR]: No key dirt_provider in MapLike[{decorators:[],foliage_placer:{height:3,offset:0,radius:2,type:"minecraft:blob_foliage_placer"},heightmap:"OCEAN_FLOOR",ignore_vines:1b,leaves_provider:{state:{Name:"minecraft:oak_leaves",Properties:{distance:"7",persistent:"false"}},type:"minecraft:simple_state_provider"},max_water_depth:0,minimum_size:{limit:1,lower_size:0,type:"minecraft:two_layers_feature_size",upper_size:1},trunk_placer:{base_height:4,height_rand_a:2,height_rand_b:0,type:"minecraft:straight_trunk_placer"},trunk_provider:{state:{Name:"minecraft:oak_log",Properties:{axis:"y"}},type:"minecraft:simple_state_provider"}}]; No key sapling_provider in MapLike[{decorators:[],foliage_placer:{height:3,offset:0,radius:2,type:"minecraft:blob_foliage_placer"},heightmap:"OCEAN_FLOOR",ignore_vines:1b,leaves_provider:{state:{Name:"minecraft:oak_leaves",Properties:{distance:"7",persistent:"false"}},type:"minecraft:simple_state_provider"},max_water_depth:0,minimum_size:{limit:1,lower_size:0,type:"minecraft:two_layers_feature_size",upper_size:1},trunk_placer:{base_height:4,height_rand_a:2,height_rand_b:0,type:"minecraft:straight_trunk_placer"},trunk_provider:{state:{Name:"minecraft:oak_log",Properties:{axis:"y"}},type:"minecraft:simple_state_provider"}}]; No key foliage_provider in MapLike[{decorators:[],foliage_placer:{height:3,offset:0,radius:2,type:"minecraft:blob_foliage_placer"},heightmap:"OCEAN_FLOOR",ignore_vines:1b,leaves_provider:{state:{Name:"minecraft:oak_leaves",Properties:{distance:"7",persistent:"false"}},type:"minecraft:simple_state_provider"},max_water_depth:0,minimum_size:{limit:1,lower_size:0,type:"minecraft:two_layers_feature_size",upper_size:1},trunk_placer:{base_height:4,height_rand_a:2,height_rand_b:0,type:"minecraft:straight_trunk_placer"},trunk_provider:{state:{Name:"minecraft:oak_log",Properties:{axis:"y"}},type:"minecraft:simple_state_provider"}}]
[15:55:16] [Server thread/ERROR]: Exception loading structure piece with id minecraft:jigsaw
java.lang.IllegalStateException: Invalid pool element found
	at dbg.k(SourceFile:54) ~[server.jar:?]
	at java.util.Optional.orElseThrow(Optional.java:403) ~[?:?]
	at dbg.<init>(SourceFile:54) ~[server.jar:?]
	at cud.a(SourceFile:151) ~[server.jar:?]
	at cnj.a(SourceFile:415) ~[server.jar:?]
	at cnj.a(SourceFile:175) ~[server.jar:?]
	at abe.l(SourceFile:512) ~[server.jar:?]
	at java.util.concurrent.CompletableFuture$AsyncSupply.run(CompletableFuture.java:1764) ~[?:?]
	at aqv.c(SourceFile:151) ~[server.jar:?]
	at abp$a.c(SourceFile:528) ~[server.jar:?]
	at aqv.z(SourceFile:125) ~[server.jar:?]
	at abp$a.z(SourceFile:537) ~[server.jar:?]
	at abp.d(SourceFile:280) ~[server.jar:?]
	at net.minecraft.server.MinecraftServer.bf(SourceFile:776) ~[server.jar:?]
	at net.minecraft.server.MinecraftServer.z(SourceFile:764) ~[server.jar:?]
	at aqv.c(SourceFile:134) ~[server.jar:?]
	at net.minecraft.server.MinecraftServer.y(SourceFile:749) ~[server.jar:?]
	at net.minecraft.server.MinecraftServer.b(SourceFile:521) ~[server.jar:?]
	at net.minecraft.server.MinecraftServer.e_(SourceFile:353) ~[server.jar:?]
	at aas.e(SourceFile:184) ~[server.jar:?]
	at net.minecraft.server.MinecraftServer.x(SourceFile:670) ~[server.jar:?]
	at net.minecraft.server.MinecraftServer.a(SourceFile:270) ~[server.jar:?]
	at java.lang.Thread.run(Thread.java:831) [?:?]
[15:55:16] [Server thread/ERROR]: No key dirt_provider in MapLike[{decorators:[],foliage_placer:{height:3,offset:0,radius:2,type:"minecraft:blob_foliage_placer"},heightmap:"OCEAN_FLOOR",ignore_vines:1b,leaves_provider:{state:{Name:"minecraft:oak_leaves",Properties:{distance:"7",persistent:"false"}},type:"minecraft:simple_state_provider"},max_water_depth:0,minimum_size:{limit:1,lower_size:0,type:"minecraft:two_layers_feature_size",upper_size:1},trunk_placer:{base_height:4,height_rand_a:2,height_rand_b:0,type:"minecraft:straight_trunk_placer"},trunk_provider:{state:{Name:"minecraft:oak_log",Properties:{axis:"y"}},type:"minecraft:simple_state_provider"}}]; No key sapling_provider in MapLike[{decorators:[],foliage_placer:{height:3,offset:0,radius:2,type:"minecraft:blob_foliage_placer"},heightmap:"OCEAN_FLOOR",ignore_vines:1b,leaves_provider:{state:{Name:"minecraft:oak_leaves",Properties:{distance:"7",persistent:"false"}},type:"minecraft:simple_state_provider"},max_water_depth:0,minimum_size:{limit:1,lower_size:0,type:"minecraft:two_layers_feature_size",upper_size:1},trunk_placer:{base_height:4,height_rand_a:2,height_rand_b:0,type:"minecraft:straight_trunk_placer"},trunk_provider:{state:{Name:"minecraft:oak_log",Properties:{axis:"y"}},type:"minecraft:simple_state_provider"}}]; No key foliage_provider in MapLike[{decorators:[],foliage_placer:{height:3,offset:0,radius:2,type:"minecraft:blob_foliage_placer"},heightmap:"OCEAN_FLOOR",ignore_vines:1b,leaves_provider:{state:{Name:"minecraft:oak_leaves",Properties:{distance:"7",persistent:"false"}},type:"minecraft:simple_state_provider"},max_water_depth:0,minimum_size:{limit:1,lower_size:0,type:"minecraft:two_layers_feature_size",upper_size:1},trunk_placer:{base_height:4,height_rand_a:2,height_rand_b:0,type:"minecraft:straight_trunk_placer"},trunk_provider:{state:{Name:"minecraft:oak_log",Properties:{axis:"y"}},type:"minecraft:simple_state_provider"}}]
[15:55:16] [Server thread/ERROR]: Exception loading structure piece with id minecraft:jigsaw
java.lang.IllegalStateException: Invalid pool element found
	at dbg.k(SourceFile:54) ~[server.jar:?]
	at java.util.Optional.orElseThrow(Optional.java:403) ~[?:?]
	at dbg.<init>(SourceFile:54) ~[server.jar:?]
	at cud.a(SourceFile:151) ~[server.jar:?]
	at cnj.a(SourceFile:415) ~[server.jar:?]
	at cnj.a(SourceFile:175) ~[server.jar:?]
	at abe.l(SourceFile:512) ~[server.jar:?]
	at java.util.concurrent.CompletableFuture$AsyncSupply.run(CompletableFuture.java:1764) ~[?:?]
	at aqv.c(SourceFile:151) ~[server.jar:?]
	at abp$a.c(SourceFile:528) ~[server.jar:?]
	at aqv.z(SourceFile:125) ~[server.jar:?]
	at abp$a.z(SourceFile:537) ~[server.jar:?]
	at abp.d(SourceFile:280) ~[server.jar:?]
	at net.minecraft.server.MinecraftServer.bf(SourceFile:776) ~[server.jar:?]
	at net.minecraft.server.MinecraftServer.z(SourceFile:764) ~[server.jar:?]
	at aqv.c(SourceFile:134) ~[server.jar:?]
	at net.minecraft.server.MinecraftServer.y(SourceFile:749) ~[server.jar:?]
	at net.minecraft.server.MinecraftServer.b(SourceFile:521) ~[server.jar:?]
	at net.minecraft.server.MinecraftServer.e_(SourceFile:353) ~[server.jar:?]
	at aas.e(SourceFile:184) ~[server.jar:?]
	at net.minecraft.server.MinecraftServer.x(SourceFile:670) ~[server.jar:?]
	at net.minecraft.server.MinecraftServer.a(SourceFile:270) ~[server.jar:?]
	at java.lang.Thread.run(Thread.java:831) [?:?]
[15:55:16] [Server thread/ERROR]: No key dirt_provider in MapLike[{decorators:[],foliage_placer:{height:3,offset:0,radius:2,type:"minecraft:blob_foliage_placer"},heightmap:"OCEAN_FLOOR",ignore_vines:1b,leaves_provider:{state:{Name:"minecraft:oak_leaves",Properties:{distance:"7",persistent:"false"}},type:"minecraft:simple_state_provider"},max_water_depth:0,minimum_size:{limit:1,lower_size:0,type:"minecraft:two_layers_feature_size",upper_size:1},trunk_placer:{base_height:4,height_rand_a:2,height_rand_b:0,type:"minecraft:straight_trunk_placer"},trunk_provider:{state:{Name:"minecraft:oak_log",Properties:{axis:"y"}},type:"minecraft:simple_state_provider"}}]; No key sapling_provider in MapLike[{decorators:[],foliage_placer:{height:3,offset:0,radius:2,type:"minecraft:blob_foliage_placer"},heightmap:"OCEAN_FLOOR",ignore_vines:1b,leaves_provider:{state:{Name:"minecraft:oak_leaves",Properties:{distance:"7",persistent:"false"}},type:"minecraft:simple_state_provider"},max_water_depth:0,minimum_size:{limit:1,lower_size:0,type:"minecraft:two_layers_feature_size",upper_size:1},trunk_placer:{base_height:4,height_rand_a:2,height_rand_b:0,type:"minecraft:straight_trunk_placer"},trunk_provider:{state:{Name:"minecraft:oak_log",Properties:{axis:"y"}},type:"minecraft:simple_state_provider"}}]; No key foliage_provider in MapLike[{decorators:[],foliage_placer:{height:3,offset:0,radius:2,type:"minecraft:blob_foliage_placer"},heightmap:"OCEAN_FLOOR",ignore_vines:1b,leaves_provider:{state:{Name:"minecraft:oak_leaves",Properties:{distance:"7",persistent:"false"}},type:"minecraft:simple_state_provider"},max_water_depth:0,minimum_size:{limit:1,lower_size:0,type:"minecraft:two_layers_feature_size",upper_size:1},trunk_placer:{base_height:4,height_rand_a:2,height_rand_b:0,type:"minecraft:straight_trunk_placer"},trunk_provider:{state:{Name:"minecraft:oak_log",Properties:{axis:"y"}},type:"minecraft:simple_state_provider"}}]
[15:55:16] [Server thread/ERROR]: Exception loading structure piece with id minecraft:jigsaw
java.lang.IllegalStateException: Invalid pool element found
	at dbg.k(SourceFile:54) ~[server.jar:?]
	at java.util.Optional.orElseThrow(Optional.java:403) ~[?:?]
	at dbg.<init>(SourceFile:54) ~[server.jar:?]
	at cud.a(SourceFile:151) ~[server.jar:?]
	at cnj.a(SourceFile:415) ~[server.jar:?]
	at cnj.a(SourceFile:175) ~[server.jar:?]
	at abe.l(SourceFile:512) ~[server.jar:?]
	at java.util.concurrent.CompletableFuture$AsyncSupply.run(CompletableFuture.java:1764) ~[?:?]
	at aqv.c(SourceFile:151) ~[server.jar:?]
	at abp$a.c(SourceFile:528) ~[server.jar:?]
	at aqv.z(SourceFile:125) ~[server.jar:?]
	at abp$a.z(SourceFile:537) ~[server.jar:?]
	at abp.d(SourceFile:280) ~[server.jar:?]
	at net.minecraft.server.MinecraftServer.bf(SourceFile:776) ~[server.jar:?]
	at net.minecraft.server.MinecraftServer.z(SourceFile:764) ~[server.jar:?]
	at aqv.c(SourceFile:134) ~[server.jar:?]
	at net.minecraft.server.MinecraftServer.y(SourceFile:749) ~[server.jar:?]
	at net.minecraft.server.MinecraftServer.b(SourceFile:521) ~[server.jar:?]
	at net.minecraft.server.MinecraftServer.e_(SourceFile:353) ~[server.jar:?]
	at aas.e(SourceFile:184) ~[server.jar:?]
	at net.minecraft.server.MinecraftServer.x(SourceFile:670) ~[server.jar:?]
	at net.minecraft.server.MinecraftServer.a(SourceFile:270) ~[server.jar:?]
	at java.lang.Thread.run(Thread.java:831) [?:?]
[15:55:16] [Worker-Main-4/INFO]: Preparing spawn area: 0%
[15:55:16] [Worker-Main-6/INFO]: Preparing spawn area: 0%
[15:55:17] [Worker-Main-4/INFO]: Preparing spawn area: 0%
[15:55:17] [Worker-Main-5/INFO]: Preparing spawn area: 0%
[15:55:18] [Worker-Main-6/INFO]: Preparing spawn area: 0%
[15:55:18] [Worker-Main-6/INFO]: Preparing spawn area: 0%
[15:55:19] [Worker-Main-4/INFO]: Preparing spawn area: 0%
[15:55:19] [Worker-Main-4/INFO]: Preparing spawn area: 0%
[15:55:20] [Worker-Main-4/INFO]: Preparing spawn area: 0%
[15:55:21] [Worker-Main-5/INFO]: Preparing spawn area: 1%
[15:55:21] [Worker-Main-6/INFO]: Preparing spawn area: 5%
[15:55:22] [Worker-Main-5/INFO]: Preparing spawn area: 11%
[15:55:22] [Worker-Main-4/INFO]: Preparing spawn area: 25%
[15:55:23] [Worker-Main-5/INFO]: Preparing spawn area: 60%
[15:55:23] [Worker-Main-4/INFO]: Preparing spawn area: 68%
[15:55:23] [Worker-Main-5/INFO]: Preparing spawn area: 68%
[15:55:24] [Worker-Main-6/INFO]: Preparing spawn area: 71%
[15:55:24] [Worker-Main-5/INFO]: Preparing spawn area: 71%
[15:55:25] [Worker-Main-5/INFO]: Preparing spawn area: 72%
[15:55:25] [Worker-Main-6/INFO]: Preparing spawn area: 78%
[15:55:26] [Worker-Main-6/INFO]: Preparing spawn area: 83%
[15:55:26] [Worker-Main-4/INFO]: Preparing spawn area: 85%
[15:55:27] [Worker-Main-6/INFO]: Preparing spawn area: 86%
[15:55:27] [Worker-Main-6/INFO]: Preparing spawn area: 88%
[15:55:28] [Worker-Main-6/INFO]: Preparing spawn area: 93%
[15:55:29] [Worker-Main-5/INFO]: Preparing spawn area: 94%
[15:55:29] [Worker-Main-6/INFO]: Preparing spawn area: 94%
[15:55:30] [Server thread/INFO]: Time elapsed: 24370 ms
[15:55:30] [Server thread/INFO]: Done (24.742s)! For help, type "help"
[15:55:33] [Server thread/WARN]: Can't keep up! Is the server overloaded? Running 2203ms or 44 ticks behind
[15:55:51] [Server thread/INFO]: /advancement (grant|revoke)
[15:55:51] [Server thread/INFO]: /attribute <target> <attribute> (get|base|modifier)
[15:55:51] [Server thread/INFO]: /execute (run|if|unless|as|at|store|positioned|rotated|facing|align|anchored|in)
[15:55:51] [Server thread/INFO]: /bossbar (add|remove|list|set|get)
[15:55:51] [Server thread/INFO]: /clear [<targets>]
[15:55:51] [Server thread/INFO]: /clone <begin> <end> <destination> [replace|masked|filtered]
[15:55:51] [Server thread/INFO]: /data (merge|get|remove|modify)
[15:55:51] [Server thread/INFO]: /datapack (enable|disable|list)
[15:55:51] [Server thread/INFO]: /debug (start|stop|function)
[15:55:51] [Server thread/INFO]: /defaultgamemode (survival|creative|adventure|spectator)
[15:55:51] [Server thread/INFO]: /difficulty [peaceful|easy|normal|hard]
[15:55:51] [Server thread/INFO]: /effect (clear|give)
[15:55:51] [Server thread/INFO]: /me <action>
[15:55:51] [Server thread/INFO]: /enchant <targets> <enchantment> [<level>]
[15:55:51] [Server thread/INFO]: /experience (add|set|query)
[15:55:51] [Server thread/INFO]: /xp -> experience
[15:55:51] [Server thread/INFO]: /fill <from> <to> <block> [replace|keep|outline|hollow|destroy]
[15:55:51] [Server thread/INFO]: /forceload (add|remove|query)
[15:55:51] [Server thread/INFO]: /function <name>
[15:55:51] [Server thread/INFO]: /gamemode (survival|creative|adventure|spectator)
[15:55:51] [Server thread/INFO]: /gamerule (announceAdvancements|commandBlockOutput|disableElytraMovementCheck|disableRaids|doDaylightCycle|doEntityDrops|doFireTick|doImmediateRespawn|doInsomnia|doLimitedCrafting|doMobLoot|doMobSpawning|doPatrolSpawning|doTileDrops|doTraderSpawning|doWeatherCycle|drowningDamage|fallDamage|fireDamage|forgiveDeadPlayers|freezeDamage|keepInventory|logAdminCommands|maxCommandChainLength|maxEntityCramming|mobGriefing|naturalRegeneration|playersSleepingPercentage|randomTickSpeed|reducedDebugInfo|sendCommandFeedback|showDeathMessages|spawnRadius|spectatorsGenerateChunks|universalAnger)
[15:55:51] [Server thread/INFO]: /give <targets> <item> [<count>]
[15:55:51] [Server thread/INFO]: /help [<command>]
[15:55:51] [Server thread/INFO]: /item (replace|modify)
[15:55:51] [Server thread/INFO]: /kick <targets> [<reason>]
[15:55:51] [Server thread/INFO]: /kill [<targets>]
[15:55:51] [Server thread/INFO]: /list [uuids]
[15:55:51] [Server thread/INFO]: /locate (pillager_outpost|mineshaft|mansion|jungle_pyramid|desert_pyramid|igloo|ruined_portal|shipwreck|swamp_hut|stronghold|monument|ocean_ruin|fortress|endcity|buried_treasure|village|nether_fossil|bastion_remnant)
[15:55:51] [Server thread/INFO]: /locatebiome <biome>
[15:55:51] [Server thread/INFO]: /loot (replace|insert|give|spawn)
[15:55:51] [Server thread/INFO]: /msg <targets> <message>
[15:55:51] [Server thread/INFO]: /tell -> msg
[15:55:51] [Server thread/INFO]: /w -> msg
[15:55:51] [Server thread/INFO]: /particle <name> [<pos>]
[15:55:51] [Server thread/INFO]: /playsound <sound> (master|music|record|weather|block|hostile|neutral|player|ambient|voice)
[15:55:51] [Server thread/INFO]: /reload
[15:55:51] [Server thread/INFO]: /recipe (give|take)
[15:55:51] [Server thread/INFO]: /say <message>
[15:55:51] [Server thread/INFO]: /schedule (function|clear)
[15:55:51] [Server thread/INFO]: /scoreboard (objectives|players)
[15:55:51] [Server thread/INFO]: /seed
[15:55:51] [Server thread/INFO]: /setblock <pos> <block> [destroy|keep|replace]
[15:55:51] [Server thread/INFO]: /spawnpoint [<targets>]
[15:55:51] [Server thread/INFO]: /setworldspawn [<pos>]
[15:55:51] [Server thread/INFO]: /spectate [<target>]
[15:55:51] [Server thread/INFO]: /spreadplayers <center> <spreadDistance> <maxRange> (<respectTeams>|under)
[15:55:51] [Server thread/INFO]: /stopsound <targets> [*|master|music|record|weather|block|hostile|neutral|player|ambient|voice]
[15:55:51] [Server thread/INFO]: /summon <entity> [<pos>]
[15:55:51] [Server thread/INFO]: /tag <targets> (add|remove|list)
[15:55:51] [Server thread/INFO]: /team (list|add|remove|empty|join|leave|modify)
[15:55:51] [Server thread/INFO]: /teammsg <message>
[15:55:51] [Server thread/INFO]: /tm -> teammsg
[15:55:51] [Server thread/INFO]: /teleport (<location>|<destination>|<targets>)
[15:55:51] [Server thread/INFO]: /tp -> teleport
[15:55:51] [Server thread/INFO]: /tellraw <targets> <message>
[15:55:51] [Server thread/INFO]: /time (set|add|query)
[15:55:51] [Server thread/INFO]: /title <targets> (clear|reset|title|subtitle|actionbar|times)
[15:55:51] [Server thread/INFO]: /trigger <objective> [add|set]
[15:55:51] [Server thread/INFO]: /weather (clear|rain|thunder)
[15:55:51] [Server thread/INFO]: /worldborder (add|set|center|damage|get|warning)
[15:55:51] [Server thread/INFO]: /ban-ip <target> [<reason>]
[15:55:51] [Server thread/INFO]: /banlist [ips|players]
[15:55:51] [Server thread/INFO]: /ban <targets> [<reason>]
[15:55:51] [Server thread/INFO]: /deop <targets>
[15:55:51] [Server thread/INFO]: /op <targets>
[15:55:51] [Server thread/INFO]: /pardon <targets>
[15:55:51] [Server thread/INFO]: /pardon-ip <target>
[15:55:51] [Server thread/INFO]: /perf (start|stop)
[15:55:51] [Server thread/INFO]: /save-all [flush]
[15:55:51] [Server thread/INFO]: /save-off
[15:55:51] [Server thread/INFO]: /save-on
[15:55:51] [Server thread/INFO]: /setidletimeout <minutes>
[15:55:51] [Server thread/INFO]: /stop
[15:55:51] [Server thread/INFO]: /whitelist (on|off|list|add|remove|reload)
[15:56:01] [Server thread/INFO]: Stopping server
[15:56:01] [Server thread/INFO]: Saving players
[15:56:01] [Server thread/INFO]: Saving worlds
[15:56:01] [Server thread/INFO]: Saving chunks for level 'ServerLevel[world]'/minecraft:overworld
[15:56:02] [Server thread/INFO]: Saving chunks for level 'ServerLevel[world]'/minecraft:the_nether
[15:56:02] [Server thread/INFO]: Saving chunks for level 'ServerLevel[world]'/minecraft:the_end
[15:56:02] [Server thread/INFO]: ThreadedAnvilChunkStorage (world): All chunks are saved
[15:56:02] [Server thread/INFO]: ThreadedAnvilChunkStorage (DIM-1): All chunks are saved
[15:56:02] [Server thread/INFO]: ThreadedAnvilChunkStorage (DIM1): All chunks are saved
[15:56:02] [Server thread/INFO]: ThreadedAnvilChunkStorage: All dimensions are saved
